0 info it worked if it ends with ok
1 verbose cli [ 'F:\\NodeJs\\node.exe',
1 verbose cli   'F:\\NodeJs\\node_modules\\npm\\bin\\npm-cli.js',
1 verbose cli   'run',
1 verbose cli   'localstorage.clear()' ]
2 info using npm@3.3.12
3 info using node@v5.4.1
4 verbose stack Error: missing script: localstorage.clear()
4 verbose stack     at run (F:\NodeJs\node_modules\npm\lib\run-script.js:147:19)
4 verbose stack     at F:\NodeJs\node_modules\npm\lib\run-script.js:57:5
4 verbose stack     at F:\NodeJs\node_modules\npm\node_modules\read-package-json\read-json.js:345:5
4 verbose stack     at checkBinReferences_ (F:\NodeJs\node_modules\npm\node_modules\read-package-json\read-json.js:309:45)
4 verbose stack     at final (F:\NodeJs\node_modules\npm\node_modules\read-package-json\read-json.js:343:3)
4 verbose stack     at then (F:\NodeJs\node_modules\npm\node_modules\read-package-json\read-json.js:113:5)
4 verbose stack     at F:\NodeJs\node_modules\npm\node_modules\read-package-json\read-json.js:232:12
4 verbose stack     at F:\NodeJs\node_modules\npm\node_modules\graceful-fs\graceful-fs.js:76:16
4 verbose stack     at tryToString (fs.js:414:3)
4 verbose stack     at FSReqWrap.readFileAfterClose [as oncomplete] (fs.js:401:12)
5 verbose cwd F:\myGitHub\team3
6 error Windows_NT 10.0.10586
7 error argv "F:\\NodeJs\\node.exe" "F:\\NodeJs\\node_modules\\npm\\bin\\npm-cli.js" "run" "localstorage.clear()"
8 error node v5.4.1
9 error npm  v3.3.12
10 error missing script: localstorage.clear()
11 error If you need help, you may report this error at:
11 error     <https://github.com/npm/npm/issues>
12 verbose exit [ 1, true ]
